PYTHONPATH=src python -c "from pathlib import Path; from storage.market_db import init_market_db; from floor.persistence_db import init_persistence_db; init_market_db(Path('data/market/market_data.sqlite')); init_persistence_db(Path('data/persistence/app.sqlite'))"
2026-03-18 18:18:09,236 INFO __main__ - [etl:yahoo] start ingest symbols=51 db=data/market/market_data.sqlite
2026-03-18 18:18:09,237 INFO __main__ - [etl:yahoo] requesting symbol=AAPL range=2y interval=1d
2026-03-18 18:18:09,399 INFO __main__ - [etl:yahoo] parsed bars symbol=AAPL count=502
2026-03-18 18:18:09,399 INFO __main__ - [etl:yahoo] sample bars symbol=AAPL first=DailyBar(symbol='AAPL', ts_utc='2024-03-18T13:30:00+00:00', open=175.57000732421875, high=177.7100067138672, low=173.52000427246094, close=173.72000122070312, volume=75604200.0, source='yahoo') last=DailyBar(symbol='AAPL', ts_utc='2026-03-18T18:18:07+00:00', open=252.625, high=254.94000244140625, low=250.38999938964844, close=250.79750061035156, volume=14670263.0, source='yahoo')
2026-03-18 18:18:09,403 INFO __main__ - [etl:yahoo] upserted symbol=AAPL rows=502 attempt=1
2026-03-18 18:18:09,804 INFO __main__ - [etl:yahoo] requesting symbol=MSFT range=2y interval=1d
2026-03-18 18:18:09,961 INFO __main__ - [etl:yahoo] parsed bars symbol=MSFT count=502
2026-03-18 18:18:09,961 INFO __main__ - [etl:yahoo] sample bars symbol=MSFT first=DailyBar(symbol='MSFT', ts_utc='2024-03-18T13:30:00+00:00', open=414.25, high=420.7300109863281, low=413.7799987792969, close=417.32000732421875, volume=20106000.0, source='yahoo') last=DailyBar(symbol='MSFT', ts_utc='2026-03-18T18:18:08+00:00', open=397.0450134277344, high=398.0, low=392.42999267578125, close=393.1400146484375, volume=13112881.0, source='yahoo')
2026-03-18 18:18:09,963 INFO __main__ - [etl:yahoo] upserted symbol=MSFT rows=502 attempt=1
2026-03-18 18:18:10,363 INFO __main__ - [etl:yahoo] requesting symbol=NVDA range=2y interval=1d
2026-03-18 18:18:10,538 INFO __main__ - [etl:yahoo] parsed bars symbol=NVDA count=502
2026-03-18 18:18:10,538 INFO __main__ - [etl:yahoo] sample bars symbol=NVDA first=DailyBar(symbol='NVDA', ts_utc='2024-03-18T13:30:00+00:00', open=90.38800048828125, high=92.40499877929688, low=87.08499908447266, close=88.45500183105469, volume=668976000.0, source='yahoo') last=DailyBar(symbol='NVDA', ts_utc='2026-03-18T18:18:09+00:00', open=182.49000549316406, high=183.3800048828125, low=180.72999572753906, close=182.51499938964844, volume=101273137.0, source='yahoo')
2026-03-18 18:18:10,541 INFO __main__ - [etl:yahoo] upserted symbol=NVDA rows=502 attempt=1
2026-03-18 18:18:10,941 INFO __main__ - [etl:yahoo] requesting symbol=AMZN range=2y interval=1d
2026-03-18 18:18:11,093 INFO __main__ - [etl:yahoo] parsed bars symbol=AMZN count=502
2026-03-18 18:18:11,093 INFO __main__ - [etl:yahoo] sample bars symbol=AMZN first=DailyBar(symbol='AMZN', ts_utc='2024-03-18T13:30:00+00:00', open=175.8000030517578, high=176.69000244140625, low=174.27999877929688, close=174.47999572753906, volume=31250700.0, source='yahoo') last=DailyBar(symbol='AMZN', ts_utc='2026-03-18T18:18:09+00:00', open=213.9600067138672, high=215.14010620117188, low=210.47999572753906, close=210.8300018310547, volume=20555151.0, source='yahoo')
2026-03-18 18:18:11,096 INFO __main__ - [etl:yahoo] upserted symbol=AMZN rows=502 attempt=1
2026-03-18 18:18:11,496 INFO __main__ - [etl:yahoo] requesting symbol=GOOGL range=2y interval=1d
2026-03-18 18:18:11,589 INFO __main__ - [etl:yahoo] parsed bars symbol=GOOGL count=502
2026-03-18 18:18:11,589 INFO __main__ - [etl:yahoo] sample bars symbol=GOOGL first=DailyBar(symbol='GOOGL', ts_utc='2024-03-18T13:30:00+00:00', open=148.61000061035156, high=152.14999389648438, low=147.1699981689453, close=147.67999267578125, volume=69273700.0, source='yahoo') last=DailyBar(symbol='GOOGL', ts_utc='2026-03-18T18:18:09+00:00', open=309.30999755859375, high=312.4700012207031, low=308.5, close=308.8131103515625, volume=11374181.0, source='yahoo')
2026-03-18 18:18:11,592 INFO __main__ - [etl:yahoo] upserted symbol=GOOGL rows=502 attempt=1
2026-03-18 18:18:11,992 INFO __main__ - [etl:yahoo] requesting symbol=META range=2y interval=1d
2026-03-18 18:18:12,145 INFO __main__ - [etl:yahoo] parsed bars symbol=META count=502
2026-03-18 18:18:12,145 INFO __main__ - [etl:yahoo] sample bars symbol=META first=DailyBar(symbol='META', ts_utc='2024-03-18T13:30:00+00:00', open=491.9100036621094, high=497.4200134277344, low=486.80999755859375, close=496.9800109863281, volume=11755300.0, source='yahoo') last=DailyBar(symbol='META', ts_utc='2026-03-18T18:18:10+00:00', open=616.3099975585938, high=622.6400146484375, low=615.3099975585938, close=619.3599853515625, volume=6717414.0, source='yahoo')
2026-03-18 18:18:12,147 INFO __main__ - [etl:yahoo] upserted symbol=META rows=502 attempt=1
2026-03-18 18:18:12,548 INFO __main__ - [etl:yahoo] requesting symbol=TSLA range=2y interval=1d
2026-03-18 18:18:12,676 INFO __main__ - [etl:yahoo] parsed bars symbol=TSLA count=502
2026-03-18 18:18:12,676 INFO __main__ - [etl:yahoo] sample bars symbol=TSLA first=DailyBar(symbol='TSLA', ts_utc='2024-03-18T13:30:00+00:00', open=170.02000427246094, high=174.72000122070312, low=165.89999389648438, close=173.8000030517578, volume=108214400.0, source='yahoo') last=DailyBar(symbol='TSLA', ts_utc='2026-03-18T18:18:11+00:00', open=399.0, high=403.06500244140625, low=396.20001220703125, close=396.9049987792969, volume=34766941.0, source='yahoo')
2026-03-18 18:18:12,679 INFO __main__ - [etl:yahoo] upserted symbol=TSLA rows=502 attempt=1
2026-03-18 18:18:13,079 INFO __main__ - [etl:yahoo] requesting symbol=AVGO range=2y interval=1d
2026-03-18 18:18:13,189 INFO __main__ - [etl:yahoo] parsed bars symbol=AVGO count=502
2026-03-18 18:18:13,189 INFO __main__ - [etl:yahoo] sample bars symbol=AVGO first=DailyBar(symbol='AVGO', ts_utc='2024-03-18T13:30:00+00:00', open=125.39800262451172, high=126.28800201416016, low=123.16999816894531, close=123.7239990234375, volume=25737000.0, source='yahoo') last=DailyBar(symbol='AVGO', ts_utc='2026-03-18T18:18:12+00:00', open=320.6000061035156, high=325.44000244140625, low=317.0299987792969, close=318.1639099121094, volume=12670414.0, source='yahoo')
2026-03-18 18:18:13,192 INFO __main__ - [etl:yahoo] upserted symbol=AVGO rows=502 attempt=1
2026-03-18 18:18:13,592 INFO __main__ - [etl:yahoo] requesting symbol=AMD range=2y interval=1d
2026-03-18 18:18:13,680 INFO __main__ - [etl:yahoo] parsed bars symbol=AMD count=502
2026-03-18 18:18:13,680 INFO __main__ - [etl:yahoo] sample bars symbol=AMD first=DailyBar(symbol='AMD', ts_utc='2024-03-18T13:30:00+00:00', open=193.2899932861328, high=193.5, low=188.0500030517578, close=190.64999389648438, volume=59306900.0, source='yahoo') last=DailyBar(symbol='AMD', ts_utc='2026-03-18T18:18:11+00:00', open=196.125, high=202.85000610351562, low=195.75, close=201.6750030517578, volume=19203360.0, source='yahoo')
2026-03-18 18:18:13,683 INFO __main__ - [etl:yahoo] upserted symbol=AMD rows=502 attempt=1
2026-03-18 18:18:14,083 INFO __main__ - [etl:yahoo] requesting symbol=ORCL range=2y interval=1d
2026-03-18 18:18:14,234 INFO __main__ - [etl:yahoo] parsed bars symbol=ORCL count=502
2026-03-18 18:18:14,234 INFO __main__ - [etl:yahoo] sample bars symbol=ORCL first=DailyBar(symbol='ORCL', ts_utc='2024-03-18T13:30:00+00:00', open=127.19999694824219, high=128.9499969482422, low=126.87999725341797, close=127.80000305175781, volume=12231400.0, source='yahoo') last=DailyBar(symbol='ORCL', ts_utc='2026-03-18T18:18:12+00:00', open=153.39999389648438, high=154.96519470214844, low=152.0399932861328, close=153.72999572753906, volume=10808890.0, source='yahoo')
2026-03-18 18:18:14,237 INFO __main__ - [etl:yahoo] upserted symbol=ORCL rows=502 attempt=1
2026-03-18 18:18:14,637 INFO __main__ - [etl:yahoo] requesting symbol=CRM range=2y interval=1d
2026-03-18 18:18:14,762 INFO __main__ - [etl:yahoo] parsed bars symbol=CRM count=502
2026-03-18 18:18:14,762 INFO __main__ - [etl:yahoo] sample bars symbol=CRM first=DailyBar(symbol='CRM', ts_utc='2024-03-18T13:30:00+00:00', open=299.6199951171875, high=300.9700012207031, low=296.0199890136719, close=300.510009765625, volume=5240500.0, source='yahoo') last=DailyBar(symbol='CRM', ts_utc='2026-03-18T18:18:13+00:00', open=193.39999389648438, high=196.14999389648438, low=192.63999938964844, close=194.2899932861328, volume=4385264.0, source='yahoo')
2026-03-18 18:18:14,766 INFO __main__ - [etl:yahoo] upserted symbol=CRM rows=502 attempt=1
2026-03-18 18:18:15,166 INFO __main__ - [etl:yahoo] requesting symbol=ADBE range=2y interval=1d
2026-03-18 18:18:15,306 INFO __main__ - [etl:yahoo] parsed bars symbol=ADBE count=502
2026-03-18 18:18:15,306 INFO __main__ - [etl:yahoo] sample bars symbol=ADBE first=DailyBar(symbol='ADBE', ts_utc='2024-03-18T13:30:00+00:00', open=495.54998779296875, high=515.72998046875, low=495.54998779296875, close=513.8599853515625, volume=7052700.0, source='yahoo') last=DailyBar(symbol='ADBE', ts_utc='2026-03-18T18:18:12+00:00', open=252.14999389648438, high=254.49000549316406, low=245.17999267578125, close=246.14100646972656, volume=3451122.0, source='yahoo')
2026-03-18 18:18:15,308 INFO __main__ - [etl:yahoo] upserted symbol=ADBE rows=502 attempt=1
2026-03-18 18:18:15,709 INFO __main__ - [etl:yahoo] requesting symbol=CSCO range=2y interval=1d
2026-03-18 18:18:15,844 INFO __main__ - [etl:yahoo] parsed bars symbol=CSCO count=502
2026-03-18 18:18:15,844 INFO __main__ - [etl:yahoo] sample bars symbol=CSCO first=DailyBar(symbol='CSCO', ts_utc='2024-03-18T13:30:00+00:00', open=49.220001220703125, high=49.65999984741211, low=48.97999954223633, close=49.27000045776367, volume=17406700.0, source='yahoo') last=DailyBar(symbol='CSCO', ts_utc='2026-03-18T18:18:13+00:00', open=79.73999786376953, high=80.03359985351562, low=78.16010284423828, close=78.46499633789062, volume=8363529.0, source='yahoo')
2026-03-18 18:18:15,846 INFO __main__ - [etl:yahoo] upserted symbol=CSCO rows=502 attempt=1
2026-03-18 18:18:16,246 INFO __main__ - [etl:yahoo] requesting symbol=QCOM range=2y interval=1d
2026-03-18 18:18:16,387 INFO __main__ - [etl:yahoo] parsed bars symbol=QCOM count=502
2026-03-18 18:18:16,387 INFO __main__ - [etl:yahoo] sample bars symbol=QCOM first=DailyBar(symbol='QCOM', ts_utc='2024-03-18T13:30:00+00:00', open=170.91000366210938, high=171.4600067138672, low=166.35000610351562, close=166.9199981689453, volume=6653700.0, source='yahoo') last=DailyBar(symbol='QCOM', ts_utc='2026-03-18T18:18:11+00:00', open=130.72999572753906, high=132.73500061035156, low=130.3699951171875, close=130.44000244140625, volume=5197210.0, source='yahoo')
2026-03-18 18:18:16,389 INFO __main__ - [etl:yahoo] upserted symbol=QCOM rows=502 attempt=1
2026-03-18 18:18:16,789 INFO __main__ - [etl:yahoo] requesting symbol=AMAT range=2y interval=1d
2026-03-18 18:18:16,935 INFO __main__ - [etl:yahoo] parsed bars symbol=AMAT count=502
2026-03-18 18:18:16,935 INFO __main__ - [etl:yahoo] sample bars symbol=AMAT first=DailyBar(symbol='AMAT', ts_utc='2024-03-18T13:30:00+00:00', open=201.67999267578125, high=203.1699981689453, low=199.6300048828125, close=200.72999572753906, volume=5062300.0, source='yahoo') last=DailyBar(symbol='AMAT', ts_utc='2026-03-18T18:18:10+00:00', open=353.3900146484375, high=357.8550109863281, low=350.32000732421875, close=356.3949890136719, volume=2419572.0, source='yahoo')
2026-03-18 18:18:16,937 INFO __main__ - [etl:yahoo] upserted symbol=AMAT rows=502 attempt=1
2026-03-18 18:18:17,338 INFO __main__ - [etl:yahoo] requesting symbol=TXN range=2y interval=1d
2026-03-18 18:18:17,605 INFO __main__ - [etl:yahoo] parsed bars symbol=TXN count=502
2026-03-18 18:18:17,605 INFO __main__ - [etl:yahoo] sample bars symbol=TXN first=DailyBar(symbol='TXN', ts_utc='2024-03-18T13:30:00+00:00', open=174.5399932861328, high=174.7899932861328, low=169.05999755859375, close=169.2100067138672, volume=5213800.0, source='yahoo') last=DailyBar(symbol='TXN', ts_utc='2026-03-18T18:18:09+00:00', open=194.41000366210938, high=195.5399932861328, low=192.52999877929688, close=192.67999267578125, volume=1730898.0, source='yahoo')
2026-03-18 18:18:17,607 INFO __main__ - [etl:yahoo] upserted symbol=TXN rows=502 attempt=1
2026-03-18 18:18:18,007 INFO __main__ - [etl:yahoo] requesting symbol=NFLX range=2y interval=1d
2026-03-18 18:18:18,104 INFO __main__ - [etl:yahoo] parsed bars symbol=NFLX count=502
2026-03-18 18:18:18,104 INFO __main__ - [etl:yahoo] sample bars symbol=NFLX first=DailyBar(symbol='NFLX', ts_utc='2024-03-18T13:30:00+00:00', open=61.35599899291992, high=62.74100112915039, low=61.04499816894531, close=61.8390007019043, volume=33442000.0, source='yahoo') last=DailyBar(symbol='NFLX', ts_utc='2026-03-18T18:18:16+00:00', open=94.44499969482422, high=95.33499908447266, low=93.61000061035156, close=95.06999969482422, volume=16637214.0, source='yahoo')
2026-03-18 18:18:18,106 INFO __main__ - [etl:yahoo] upserted symbol=NFLX rows=502 attempt=1
2026-03-18 18:18:18,506 INFO __main__ - [etl:yahoo] requesting symbol=INTC range=2y interval=1d
2026-03-18 18:18:18,681 INFO __main__ - [etl:yahoo] parsed bars symbol=INTC count=502
2026-03-18 18:18:18,681 INFO __main__ - [etl:yahoo] sample bars symbol=INTC first=DailyBar(symbol='INTC', ts_utc='2024-03-18T13:30:00+00:00', open=43.09000015258789, high=43.380001068115234, low=42.599998474121094, close=42.709999084472656, volume=27668300.0, source='yahoo') last=DailyBar(symbol='INTC', ts_utc='2026-03-18T18:18:17+00:00', open=44.20000076293945, high=45.47999954223633, low=44.051998138427734, close=45.435001373291016, volume=50685535.0, source='yahoo')
2026-03-18 18:18:18,684 INFO __main__ - [etl:yahoo] upserted symbol=INTC rows=502 attempt=1
2026-03-18 18:18:19,084 INFO __main__ - [etl:yahoo] requesting symbol=IBM range=2y interval=1d
2026-03-18 18:18:19,288 INFO __main__ - [etl:yahoo] parsed bars symbol=IBM count=502
2026-03-18 18:18:19,288 INFO __main__ - [etl:yahoo] sample bars symbol=IBM first=DailyBar(symbol='IBM', ts_utc='2024-03-18T13:30:00+00:00', open=191.6999969482422, high=193.22999572753906, low=190.32000732421875, close=191.69000244140625, volume=5410600.0, source='yahoo') last=DailyBar(symbol='IBM', ts_utc='2026-03-18T18:18:15+00:00', open=254.16000366210938, high=258.2200012207031, low=252.8000030517578, close=253.28500366210938, volume=2074109.0, source='yahoo')
2026-03-18 18:18:19,290 INFO __main__ - [etl:yahoo] upserted symbol=IBM rows=502 attempt=1
2026-03-18 18:18:19,691 INFO __main__ - [etl:yahoo] requesting symbol=INTU range=2y interval=1d
2026-03-18 18:18:20,056 INFO __main__ - [etl:yahoo] parsed bars symbol=INTU count=502
2026-03-18 18:18:20,056 INFO __main__ - [etl:yahoo] sample bars symbol=INTU first=DailyBar(symbol='INTU', ts_utc='2024-03-18T13:30:00+00:00', open=630.1900024414062, high=636.75, low=628.9600219726562, close=630.3900146484375, volume=1811000.0, source='yahoo') last=DailyBar(symbol='INTU', ts_utc='2026-03-18T18:18:12+00:00', open=451.32000732421875, high=458.989990234375, low=443.2900085449219, close=445.95001220703125, volume=1306749.0, source='yahoo')
2026-03-18 18:18:20,058 INFO __main__ - [etl:yahoo] upserted symbol=INTU rows=502 attempt=1
2026-03-18 18:18:20,458 INFO __main__ - [etl:yahoo] requesting symbol=PLTR range=2y interval=1d
2026-03-18 18:18:20,588 INFO __main__ - [etl:yahoo] parsed bars symbol=PLTR count=502
2026-03-18 18:18:20,589 INFO __main__ - [etl:yahoo] sample bars symbol=PLTR first=DailyBar(symbol='PLTR', ts_utc='2024-03-18T13:30:00+00:00', open=23.770000457763672, high=24.18000030517578, low=23.31999969482422, close=24.0, volume=44083000.0, source='yahoo') last=DailyBar(symbol='PLTR', ts_utc='2026-03-18T18:18:19+00:00', open=154.8249969482422, high=156.69000244140625, low=153.10000610351562, close=154.125, volume=20538410.0, source='yahoo')
2026-03-18 18:18:20,591 INFO __main__ - [etl:yahoo] upserted symbol=PLTR rows=502 attempt=1
2026-03-18 18:18:20,991 INFO __main__ - [etl:yahoo] requesting symbol=JPM range=2y interval=1d
2026-03-18 18:18:21,202 INFO __main__ - [etl:yahoo] parsed bars symbol=JPM count=502
2026-03-18 18:18:21,202 INFO __main__ - [etl:yahoo] sample bars symbol=JPM first=DailyBar(symbol='JPM', ts_utc='2024-03-18T13:30:00+00:00', open=190.6300048828125, high=192.6999969482422, low=189.88999938964844, close=192.66000366210938, volume=9013800.0, source='yahoo') last=DailyBar(symbol='JPM', ts_utc='2026-03-18T18:18:20+00:00', open=286.8299865722656, high=289.0199890136719, low=285.122314453125, close=288.2200012207031, volume=3728896.0, source='yahoo')
2026-03-18 18:18:21,204 INFO __main__ - [etl:yahoo] upserted symbol=JPM rows=502 attempt=1
2026-03-18 18:18:21,605 INFO __main__ - [etl:yahoo] requesting symbol=BAC range=2y interval=1d
2026-03-18 18:18:21,766 INFO __main__ - [etl:yahoo] parsed bars symbol=BAC count=502
2026-03-18 18:18:21,766 INFO __main__ - [etl:yahoo] sample bars symbol=BAC first=DailyBar(symbol='BAC', ts_utc='2024-03-18T13:30:00+00:00', open=35.65999984741211, high=36.09000015258789, low=35.38999938964844, close=36.0099983215332, volume=50617900.0, source='yahoo') last=DailyBar(symbol='BAC', ts_utc='2026-03-18T18:18:20+00:00', open=47.220001220703125, high=47.880001068115234, low=46.93439865112305, close=46.97999954223633, volume=18677393.0, source='yahoo')
2026-03-18 18:18:21,768 INFO __main__ - [etl:yahoo] upserted symbol=BAC rows=502 attempt=1
2026-03-18 18:18:22,169 INFO __main__ - [etl:yahoo] requesting symbol=WFC range=2y interval=1d
2026-03-18 18:18:22,352 INFO __main__ - [etl:yahoo] parsed bars symbol=WFC count=502
2026-03-18 18:18:22,352 INFO __main__ - [etl:yahoo] sample bars symbol=WFC first=DailyBar(symbol='WFC', ts_utc='2024-03-18T13:30:00+00:00', open=57.599998474121094, high=57.83000183105469, low=57.11000061035156, close=57.77000045776367, volume=16376500.0, source='yahoo') last=DailyBar(symbol='WFC', ts_utc='2026-03-18T18:18:16+00:00', open=75.80999755859375, high=76.88999938964844, low=75.83499908447266, close=76.29000091552734, volume=6683379.0, source='yahoo')
2026-03-18 18:18:22,354 INFO __main__ - [etl:yahoo] upserted symbol=WFC rows=502 attempt=1
2026-03-18 18:18:22,754 INFO __main__ - [etl:yahoo] requesting symbol=GS range=2y interval=1d
2026-03-18 18:18:22,888 INFO __main__ - [etl:yahoo] parsed bars symbol=GS count=502
2026-03-18 18:18:22,888 INFO __main__ - [etl:yahoo] sample bars symbol=GS first=DailyBar(symbol='GS', ts_utc='2024-03-18T13:30:00+00:00', open=388.6499938964844, high=389.0299987792969, low=383.4100036621094, close=384.3699951171875, volume=2069000.0, source='yahoo') last=DailyBar(symbol='GS', ts_utc='2026-03-18T18:18:15+00:00', open=801.0, high=816.1849975585938, low=801.0900268554688, close=810.0050048828125, volume=754144.0, source='yahoo')
2026-03-18 18:18:22,890 INFO __main__ - [etl:yahoo] upserted symbol=GS rows=502 attempt=1
2026-03-18 18:18:23,290 INFO __main__ - [etl:yahoo] requesting symbol=MS range=2y interval=1d
2026-03-18 18:18:23,450 INFO __main__ - [etl:yahoo] parsed bars symbol=MS count=502
2026-03-18 18:18:23,450 INFO __main__ - [etl:yahoo] sample bars symbol=MS first=DailyBar(symbol='MS', ts_utc='2024-03-18T13:30:00+00:00', open=88.36000061035156, high=88.69999694824219, low=87.69999694824219, close=87.95999908447266, volume=5960000.0, source='yahoo') last=DailyBar(symbol='MS', ts_utc='2026-03-18T18:18:22+00:00', open=157.02000427246094, high=160.6300048828125, low=156.58349609375, close=160.03500366210938, volume=4526345.0, source='yahoo')
2026-03-18 18:18:23,452 INFO __main__ - [etl:yahoo] upserted symbol=MS rows=502 attempt=1
2026-03-18 18:18:23,852 INFO __main__ - [etl:yahoo] requesting symbol=V range=2y interval=1d
2026-03-18 18:18:24,013 INFO __main__ - [etl:yahoo] parsed bars symbol=V count=502
2026-03-18 18:18:24,013 INFO __main__ - [etl:yahoo] sample bars symbol=V first=DailyBar(symbol='V', ts_utc='2024-03-18T13:30:00+00:00', open=283.8699951171875, high=286.2300109863281, low=283.25, close=285.04998779296875, volume=4095600.0, source='yahoo') last=DailyBar(symbol='V', ts_utc='2026-03-18T18:18:22+00:00', open=307.4100036621094, high=307.93499755859375, low=299.2525939941406, close=299.5899963378906, volume=3654610.0, source='yahoo')
2026-03-18 18:18:24,016 INFO __main__ - [etl:yahoo] upserted symbol=V rows=502 attempt=1
2026-03-18 18:18:24,416 INFO __main__ - [etl:yahoo] requesting symbol=MA range=2y interval=1d
2026-03-18 18:18:24,543 INFO __main__ - [etl:yahoo] parsed bars symbol=MA count=502
2026-03-18 18:18:24,543 INFO __main__ - [etl:yahoo] sample bars symbol=MA first=DailyBar(symbol='MA', ts_utc='2024-03-18T13:30:00+00:00', open=478.6400146484375, high=480.82000732421875, low=476.6499938964844, close=478.8900146484375, volume=2072300.0, source='yahoo') last=DailyBar(symbol='MA', ts_utc='2026-03-18T18:18:16+00:00', open=503.75, high=503.739990234375, low=488.739990234375, close=488.8699951171875, volume=1648040.0, source='yahoo')
2026-03-18 18:18:24,556 INFO __main__ - [etl:yahoo] upserted symbol=MA rows=502 attempt=1
2026-03-18 18:18:24,956 INFO __main__ - [etl:yahoo] requesting symbol=AXP range=2y interval=1d
2026-03-18 18:18:25,193 INFO __main__ - [etl:yahoo] parsed bars symbol=AXP count=502
2026-03-18 18:18:25,193 INFO __main__ - [etl:yahoo] sample bars symbol=AXP first=DailyBar(symbol='AXP', ts_utc='2024-03-18T13:30:00+00:00', open=219.89999389648438, high=221.72999572753906, low=218.99000549316406, close=220.97000122070312, volume=1893000.0, source='yahoo') last=DailyBar(symbol='AXP', ts_utc='2026-03-18T18:18:22+00:00', open=299.1499938964844, high=301.07000732421875, low=295.7900085449219, close=296.1449890136719, volume=1262114.0, source='yahoo')
2026-03-18 18:18:25,196 INFO __main__ - [etl:yahoo] upserted symbol=AXP rows=502 attempt=1
2026-03-18 18:18:25,596 INFO __main__ - [etl:yahoo] requesting symbol=BRK-B range=2y interval=1d
2026-03-18 18:18:25,706 INFO __main__ - [etl:yahoo] parsed bars symbol=BRK.B count=502
2026-03-18 18:18:25,706 INFO __main__ - [etl:yahoo] sample bars symbol=BRK.B first=DailyBar(symbol='BRK.B', ts_utc='2024-03-18T13:30:00+00:00', open=408.70001220703125, high=410.6000061035156, low=406.0, close=408.4100036621094, volume=3775700.0, source='yahoo') last=DailyBar(symbol='BRK.B', ts_utc='2026-03-18T18:18:16+00:00', open=491.1400146484375, high=491.3800048828125, low=485.0, close=485.2698974609375, volume=1682137.0, source='yahoo')
2026-03-18 18:18:25,708 INFO __main__ - [etl:yahoo] upserted symbol=BRK.B rows=502 attempt=1
2026-03-18 18:18:26,109 INFO __main__ - [etl:yahoo] requesting symbol=LLY range=2y interval=1d
2026-03-18 18:18:26,314 INFO __main__ - [etl:yahoo] parsed bars symbol=LLY count=502
2026-03-18 18:18:26,314 INFO __main__ - [etl:yahoo] sample bars symbol=LLY first=DailyBar(symbol='LLY', ts_utc='2024-03-18T13:30:00+00:00', open=762.280029296875, high=769.6799926757812, low=758.25, close=762.6599731445312, volume=2521400.0, source='yahoo') last=DailyBar(symbol='LLY', ts_utc='2026-03-18T18:18:24+00:00', open=925.0, high=929.0, low=905.1099853515625, close=914.33251953125, volume=2130219.0, source='yahoo')
2026-03-18 18:18:26,316 INFO __main__ - [etl:yahoo] upserted symbol=LLY rows=502 attempt=1
2026-03-18 18:18:26,716 INFO __main__ - [etl:yahoo] requesting symbol=ABBV range=2y interval=1d
2026-03-18 18:18:26,817 INFO __main__ - [etl:yahoo] parsed bars symbol=ABBV count=502
2026-03-18 18:18:26,817 INFO __main__ - [etl:yahoo] sample bars symbol=ABBV first=DailyBar(symbol='ABBV', ts_utc='2024-03-18T13:30:00+00:00', open=179.00999450683594, high=179.8800048828125, low=177.57000732421875, close=178.49000549316406, volume=8569000.0, source='yahoo') last=DailyBar(symbol='ABBV', ts_utc='2026-03-18T18:18:25+00:00', open=218.5, high=219.0, low=208.52000427246094, close=208.55999755859375, volume=4249101.0, source='yahoo')
2026-03-18 18:18:26,819 INFO __main__ - [etl:yahoo] upserted symbol=ABBV rows=502 attempt=1
2026-03-18 18:18:27,220 INFO __main__ - [etl:yahoo] requesting symbol=UNH range=2y interval=1d
2026-03-18 18:18:27,366 INFO __main__ - [etl:yahoo] parsed bars symbol=UNH count=502
2026-03-18 18:18:27,366 INFO __main__ - [etl:yahoo] sample bars symbol=UNH first=DailyBar(symbol='UNH', ts_utc='2024-03-18T13:30:00+00:00', open=492.1000061035156, high=492.1000061035156, low=486.3800048828125, close=487.04998779296875, volume=2970500.0, source='yahoo') last=DailyBar(symbol='UNH', ts_utc='2026-03-18T18:18:24+00:00', open=285.20001220703125, high=288.3999938964844, low=284.6400146484375, close=285.3599853515625, volume=1937598.0, source='yahoo')
2026-03-18 18:18:27,368 INFO __main__ - [etl:yahoo] upserted symbol=UNH rows=502 attempt=1
2026-03-18 18:18:27,768 INFO __main__ - [etl:yahoo] requesting symbol=MRK range=2y interval=1d
2026-03-18 18:18:28,018 INFO __main__ - [etl:yahoo] parsed bars symbol=MRK count=502
2026-03-18 18:18:28,018 INFO __main__ - [etl:yahoo] sample bars symbol=MRK first=DailyBar(symbol='MRK', ts_utc='2024-03-18T13:30:00+00:00', open=121.8499984741211, high=122.51000213623047, low=121.12999725341797, close=121.44000244140625, volume=8311900.0, source='yahoo') last=DailyBar(symbol='MRK', ts_utc='2026-03-18T18:17:41+00:00', open=115.05999755859375, high=115.55999755859375, low=113.34500122070312, close=114.46099853515625, volume=3445070.0, source='yahoo')
2026-03-18 18:18:28,020 INFO __main__ - [etl:yahoo] upserted symbol=MRK rows=502 attempt=1
2026-03-18 18:18:28,421 INFO __main__ - [etl:yahoo] requesting symbol=ABT range=2y interval=1d
2026-03-18 18:18:28,589 INFO __main__ - [etl:yahoo] parsed bars symbol=ABT count=502
2026-03-18 18:18:28,589 INFO __main__ - [etl:yahoo] sample bars symbol=ABT first=DailyBar(symbol='ABT', ts_utc='2024-03-18T13:30:00+00:00', open=115.3499984741211, high=115.76000213623047, low=112.29000091552734, close=112.44000244140625, volume=12991000.0, source='yahoo') last=DailyBar(symbol='ABT', ts_utc='2026-03-18T18:18:25+00:00', open=109.5, high=109.94499969482422, low=108.16000366210938, close=108.20999908447266, volume=3789054.0, source='yahoo')
2026-03-18 18:18:28,591 INFO __main__ - [etl:yahoo] upserted symbol=ABT rows=502 attempt=1
2026-03-18 18:18:28,991 INFO __main__ - [etl:yahoo] requesting symbol=TMO range=2y interval=1d
2026-03-18 18:18:29,118 INFO __main__ - [etl:yahoo] parsed bars symbol=TMO count=502
2026-03-18 18:18:29,118 INFO __main__ - [etl:yahoo] sample bars symbol=TMO first=DailyBar(symbol='TMO', ts_utc='2024-03-18T13:30:00+00:00', open=585.8599853515625, high=586.8499755859375, low=578.2999877929688, close=580.0499877929688, volume=1554400.0, source='yahoo') last=DailyBar(symbol='TMO', ts_utc='2026-03-18T18:18:20+00:00', open=468.7799987792969, high=470.489990234375, low=462.0400085449219, close=465.07501220703125, volume=1308531.0, source='yahoo')
2026-03-18 18:18:29,120 INFO __main__ - [etl:yahoo] upserted symbol=TMO rows=502 attempt=1
2026-03-18 18:18:29,521 INFO __main__ - [etl:yahoo] requesting symbol=XOM range=2y interval=1d
2026-03-18 18:18:29,778 INFO __main__ - [etl:yahoo] parsed bars symbol=XOM count=502
2026-03-18 18:18:29,778 INFO __main__ - [etl:yahoo] sample bars symbol=XOM first=DailyBar(symbol='XOM', ts_utc='2024-03-18T13:30:00+00:00', open=111.79000091552734, high=112.86000061035156, low=111.0999984741211, close=112.30000305175781, volume=16770500.0, source='yahoo') last=DailyBar(symbol='XOM', ts_utc='2026-03-18T18:18:28+00:00', open=159.66000366210938, high=160.14500427246094, low=158.47000122070312, close=158.8300018310547, volume=9419473.0, source='yahoo')
2026-03-18 18:18:29,780 INFO __main__ - [etl:yahoo] upserted symbol=XOM rows=502 attempt=1
2026-03-18 18:18:30,181 INFO __main__ - [etl:yahoo] requesting symbol=CVX range=2y interval=1d
2026-03-18 18:18:30,367 INFO __main__ - [etl:yahoo] parsed bars symbol=CVX count=502
2026-03-18 18:18:30,367 INFO __main__ - [etl:yahoo] sample bars symbol=CVX first=DailyBar(symbol='CVX', ts_utc='2024-03-18T13:30:00+00:00', open=156.02999877929688, high=156.6699981689453, low=154.94000244140625, close=155.41000366210938, volume=7242700.0, source='yahoo') last=DailyBar(symbol='CVX', ts_utc='2026-03-18T18:18:29+00:00', open=199.22000122070312, high=200.72999572753906, low=198.52000427246094, close=199.9550018310547, volume=6797222.0, source='yahoo')
2026-03-18 18:18:30,369 INFO __main__ - [etl:yahoo] upserted symbol=CVX rows=502 attempt=1
2026-03-18 18:18:30,769 INFO __main__ - [etl:yahoo] requesting symbol=CAT range=2y interval=1d
2026-03-18 18:18:30,961 INFO __main__ - [etl:yahoo] parsed bars symbol=CAT count=502
2026-03-18 18:18:30,961 INFO __main__ - [etl:yahoo] sample bars symbol=CAT first=DailyBar(symbol='CAT', ts_utc='2024-03-18T13:30:00+00:00', open=348.0799865722656, high=353.3399963378906, low=347.8599853515625, close=351.8999938964844, volume=2528200.0, source='yahoo') last=DailyBar(symbol='CAT', ts_utc='2026-03-18T18:18:11+00:00', open=701.3049926757812, high=711.8400268554688, low=699.5449829101562, close=706.2750244140625, volume=860050.0, source='yahoo')
2026-03-18 18:18:30,963 INFO __main__ - [etl:yahoo] upserted symbol=CAT rows=502 attempt=1
2026-03-18 18:18:31,363 INFO __main__ - [etl:yahoo] requesting symbol=GE range=2y interval=1d
2026-03-18 18:18:31,579 INFO __main__ - [etl:yahoo] parsed bars symbol=GE count=502
2026-03-18 18:18:31,579 INFO __main__ - [etl:yahoo] sample bars symbol=GE first=DailyBar(symbol='GE', ts_utc='2024-03-18T13:30:00+00:00', open=134.84437561035156, high=136.27294921875, low=134.54110717773438, close=135.60255432128906, volume=6228788.0, source='yahoo') last=DailyBar(symbol='GE', ts_utc='2026-03-18T18:18:19+00:00', open=302.82000732421875, high=304.9700012207031, low=301.2099914550781, close=302.8299865722656, volume=2138816.0, source='yahoo')
2026-03-18 18:18:31,582 INFO __main__ - [etl:yahoo] upserted symbol=GE rows=502 attempt=1
2026-03-18 18:18:31,982 INFO __main__ - [etl:yahoo] requesting symbol=RTX range=2y interval=1d
2026-03-18 18:18:32,190 INFO __main__ - [etl:yahoo] parsed bars symbol=RTX count=502
2026-03-18 18:18:32,190 INFO __main__ - [etl:yahoo] sample bars symbol=RTX first=DailyBar(symbol='RTX', ts_utc='2024-03-18T13:30:00+00:00', open=92.83999633789062, high=93.91999816894531, low=92.3499984741211, close=93.45999908447266, volume=7075400.0, source='yahoo') last=DailyBar(symbol='RTX', ts_utc='2026-03-18T18:18:26+00:00', open=204.30999755859375, high=206.97999572753906, low=204.14199829101562, close=206.60499572753906, volume=1692037.0, source='yahoo')
2026-03-18 18:18:32,192 INFO __main__ - [etl:yahoo] upserted symbol=RTX rows=502 attempt=1
2026-03-18 18:18:32,593 INFO __main__ - [etl:yahoo] requesting symbol=BA range=2y interval=1d
2026-03-18 18:18:32,811 INFO __main__ - [etl:yahoo] parsed bars symbol=BA count=502
2026-03-18 18:18:32,811 INFO __main__ - [etl:yahoo] sample bars symbol=BA first=DailyBar(symbol='BA', ts_utc='2024-03-18T13:30:00+00:00', open=180.25999450683594, high=181.19000244140625, low=177.52000427246094, close=179.83999633789062, volume=9497800.0, source='yahoo') last=DailyBar(symbol='BA', ts_utc='2026-03-18T18:18:08+00:00', open=209.0, high=210.4499969482422, low=206.1199951171875, close=206.77999877929688, volume=3279863.0, source='yahoo')
2026-03-18 18:18:32,813 INFO __main__ - [etl:yahoo] upserted symbol=BA rows=502 attempt=1
2026-03-18 18:18:33,213 INFO __main__ - [etl:yahoo] requesting symbol=WMT range=2y interval=1d
2026-03-18 18:18:33,411 INFO __main__ - [etl:yahoo] parsed bars symbol=WMT count=502
2026-03-18 18:18:33,411 INFO __main__ - [etl:yahoo] sample bars symbol=WMT first=DailyBar(symbol='WMT', ts_utc='2024-03-18T13:30:00+00:00', open=60.689998626708984, high=60.900001525878906, low=60.38999938964844, close=60.86000061035156, volume=16801700.0, source='yahoo') last=DailyBar(symbol='WMT', ts_utc='2026-03-18T18:18:32+00:00', open=124.33300018310547, high=124.60990142822266, low=122.30999755859375, close=122.33499908447266, volume=8948034.0, source='yahoo')
2026-03-18 18:18:33,413 INFO __main__ - [etl:yahoo] upserted symbol=WMT rows=502 attempt=1
2026-03-18 18:18:33,814 INFO __main__ - [etl:yahoo] requesting symbol=COST range=2y interval=1d
2026-03-18 18:18:33,989 INFO __main__ - [etl:yahoo] parsed bars symbol=COST count=502
2026-03-18 18:18:33,989 INFO __main__ - [etl:yahoo] sample bars symbol=COST first=DailyBar(symbol='COST', ts_utc='2024-03-18T13:30:00+00:00', open=726.0999755859375, high=733.3400268554688, low=726.02001953125, close=731.5399780273438, volume=1595200.0, source='yahoo') last=DailyBar(symbol='COST', ts_utc='2026-03-18T18:18:32+00:00', open=990.0, high=993.9818725585938, low=983.5399780273438, close=984.4199829101562, volume=562961.0, source='yahoo')
2026-03-18 18:18:33,991 INFO __main__ - [etl:yahoo] upserted symbol=COST rows=502 attempt=1
2026-03-18 18:18:34,392 INFO __main__ - [etl:yahoo] requesting symbol=HD range=2y interval=1d
2026-03-18 18:18:34,573 INFO __main__ - [etl:yahoo] parsed bars symbol=HD count=502
2026-03-18 18:18:34,573 INFO __main__ - [etl:yahoo] sample bars symbol=HD first=DailyBar(symbol='HD', ts_utc='2024-03-18T13:30:00+00:00', open=376.489990234375, high=377.6000061035156, low=371.1400146484375, close=371.9100036621094, volume=3455600.0, source='yahoo') last=DailyBar(symbol='HD', ts_utc='2026-03-18T18:18:32+00:00', open=338.6000061035156, high=339.7250061035156, low=333.5899963378906, close=333.69000244140625, volume=1531353.0, source='yahoo')
2026-03-18 18:18:34,576 INFO __main__ - [etl:yahoo] upserted symbol=HD rows=502 attempt=1
2026-03-18 18:18:34,976 INFO __main__ - [etl:yahoo] requesting symbol=PG range=2y interval=1d
2026-03-18 18:18:35,230 INFO __main__ - [etl:yahoo] parsed bars symbol=PG count=502
2026-03-18 18:18:35,230 INFO __main__ - [etl:yahoo] sample bars symbol=PG first=DailyBar(symbol='PG', ts_utc='2024-03-18T13:30:00+00:00', open=161.47999572753906, high=162.72000122070312, low=161.0, close=161.2100067138672, volume=6086300.0, source='yahoo') last=DailyBar(symbol='PG', ts_utc='2026-03-18T18:18:29+00:00', open=149.30499267578125, high=149.61990356445312, low=147.22999572753906, close=147.47999572753906, volume=4287479.0, source='yahoo')
2026-03-18 18:18:35,232 INFO __main__ - [etl:yahoo] upserted symbol=PG rows=502 attempt=1
2026-03-18 18:18:35,633 INFO __main__ - [etl:yahoo] requesting symbol=KO range=2y interval=1d
2026-03-18 18:18:35,857 INFO __main__ - [etl:yahoo] parsed bars symbol=KO count=502
2026-03-18 18:18:35,857 INFO __main__ - [etl:yahoo] sample bars symbol=KO first=DailyBar(symbol='KO', ts_utc='2024-03-18T13:30:00+00:00', open=59.88999938964844, high=60.400001525878906, low=59.79999923706055, close=60.130001068115234, volume=15856700.0, source='yahoo') last=DailyBar(symbol='KO', ts_utc='2026-03-18T18:18:33+00:00', open=77.08000183105469, high=77.11000061035156, low=76.0, close=76.2698974609375, volume=6010953.0, source='yahoo')
2026-03-18 18:18:35,859 INFO __main__ - [etl:yahoo] upserted symbol=KO rows=502 attempt=1
2026-03-18 18:18:36,260 INFO __main__ - [etl:yahoo] requesting symbol=MCD range=2y interval=1d
2026-03-18 18:18:36,449 INFO __main__ - [etl:yahoo] parsed bars symbol=MCD count=502
2026-03-18 18:18:36,449 INFO __main__ - [etl:yahoo] sample bars symbol=MCD first=DailyBar(symbol='MCD', ts_utc='2024-03-18T13:30:00+00:00', open=279.4700012207031, high=280.29998779296875, low=278.07000732421875, close=278.5799865722656, volume=3319400.0, source='yahoo') last=DailyBar(symbol='MCD', ts_utc='2026-03-18T18:18:33+00:00', open=323.7699890136719, high=324.5, low=318.2749938964844, close=318.6099853515625, volume=1175730.0, source='yahoo')
2026-03-18 18:18:36,452 INFO __main__ - [etl:yahoo] upserted symbol=MCD rows=502 attempt=1
2026-03-18 18:18:36,852 INFO __main__ - [etl:yahoo] requesting symbol=DIS range=2y interval=1d
2026-03-18 18:18:36,995 INFO __main__ - [etl:yahoo] parsed bars symbol=DIS count=502
2026-03-18 18:18:36,995 INFO __main__ - [etl:yahoo] sample bars symbol=DIS first=DailyBar(symbol='DIS', ts_utc='2024-03-18T13:30:00+00:00', open=112.29000091552734, high=114.43000030517578, low=112.29000091552734, close=113.8499984741211, volume=11820800.0, source='yahoo') last=DailyBar(symbol='DIS', ts_utc='2026-03-18T18:18:33+00:00', open=99.83999633789062, high=101.0199966430664, low=99.22010040283203, close=99.56990051269531, volume=6693295.0, source='yahoo')
2026-03-18 18:18:36,998 INFO __main__ - [etl:yahoo] upserted symbol=DIS rows=502 attempt=1
2026-03-18 18:18:37,398 INFO __main__ - [etl:yahoo] requesting symbol=UBER range=2y interval=1d
2026-03-18 18:18:37,542 INFO __main__ - [etl:yahoo] parsed bars symbol=UBER count=502
2026-03-18 18:18:37,542 INFO __main__ - [etl:yahoo] sample bars symbol=UBER first=DailyBar(symbol='UBER', ts_utc='2024-03-18T13:30:00+00:00', open=77.0, high=77.0, low=73.66000366210938, close=75.69999694824219, volume=18936700.0, source='yahoo') last=DailyBar(symbol='UBER', ts_utc='2026-03-18T18:18:35+00:00', open=77.43000030517578, high=77.668701171875, low=76.61000061035156, close=77.01000213623047, volume=7766703.0, source='yahoo')
2026-03-18 18:18:37,545 INFO __main__ - [etl:yahoo] upserted symbol=UBER rows=502 attempt=1
2026-03-18 18:18:37,945 INFO __main__ - [etl:yahoo] requesting symbol=SPY range=2y interval=1d
2026-03-18 18:18:38,093 INFO __main__ - [etl:yahoo] parsed bars symbol=SPY count=502
2026-03-18 18:18:38,093 INFO __main__ - [etl:yahoo] sample bars symbol=SPY first=DailyBar(symbol='SPY', ts_utc='2024-03-18T13:30:00+00:00', open=514.0, high=515.47998046875, low=512.4400024414062, close=512.8599853515625, volume=88893300.0, source='yahoo') last=DailyBar(symbol='SPY', ts_utc='2026-03-18T18:18:36+00:00', open=668.3599853515625, high=669.719970703125, low=665.2899780273438, close=665.7000122070312, volume=40333472.0, source='yahoo')
2026-03-18 18:18:38,095 INFO __main__ - [etl:yahoo] upserted symbol=SPY rows=502 attempt=1
2026-03-18 18:18:38,495 INFO __main__ - [etl:yahoo] finished ingest summary={'symbols': 51, 'upserted_rows': 25602, 'failed': [], 'db_path': 'data/market/market_data.sqlite'}
{
  "symbols": 51,
  "upserted_rows": 25602,
  "failed": [],
  "db_path": "data/market/market_data.sqlite"
}
2026-03-18 18:18:38,569 INFO __main__ - [etl:training-rows] loading universe path=config/universe.yaml
2026-03-18 18:18:38,569 INFO __main__ - [etl:training-rows] reading bars from db=data/market/market_data.sqlite symbols=51
2026-03-18 18:18:38,681 INFO __main__ - [etl:training-rows] built rows=25100
2026-03-18 18:18:38,681 INFO __main__ - [etl:training-rows] sample first={'timestamp': '2024-03-18T13:30:00+00:00', 'symbol': 'AAPL', 'open': 175.57000732421875, 'high': 177.7100067138672, 'low': 173.52000427246094, 'close': 173.72000122070312, 'volume': 75604200.0, 'benchmark_close': 512.8599853515625, 'ai_conviction': None, 'ai_floor_d1': None, 'ai_ceiling_d1': None, 'ai_floor_w1': None, 'ai_ceiling_w1': None, 'ai_floor_q1': None, 'ai_ceiling_q1': None, 'ai_floor_m3': None, 'ai_conviction_long': None, 'ai_recency_long': None, 'ai_consensus_score': None}
2026-03-18 18:18:38,681 INFO __main__ - [etl:training-rows] sample last={'timestamp': '2026-03-18T18:18:35+00:00', 'symbol': 'UBER', 'open': 77.43000030517578, 'high': 77.668701171875, 'low': 76.61000061035156, 'close': 77.01000213623047, 'volume': 7766703.0, 'benchmark_close': 665.7000122070312, 'ai_conviction': None, 'ai_floor_d1': None, 'ai_ceiling_d1': None, 'ai_floor_w1': None, 'ai_ceiling_w1': None, 'ai_floor_q1': None, 'ai_ceiling_q1': None, 'ai_floor_m3': None, 'ai_conviction_long': None, 'ai_recency_long': None, 'ai_consensus_score': None}
2026-03-18 18:18:38,893 INFO __main__ - [etl:training-rows] wrote output path=data/training/yahoo_market_rows.jsonl rows=25100
{
  "rows": 25100,
  "output": "data/training/yahoo_market_rows.jsonl"
}
2026-03-18 18:18:39,009 INFO __main__ - [etl:features] loading input path=data/training/yahoo_market_rows.jsonl
2026-03-18 18:18:39,164 INFO __main__ - [etl:features] loaded json/jsonl rows=25100
2026-03-18 18:18:39,164 INFO __main__ - [etl:features] building modelable dataset input_rows=25100
2026-03-18 18:18:58,809 INFO __main__ - [etl:features] feature rows=25100
2026-03-18 18:19:01,738 INFO __main__ - [etl:features] artifact ready rows=25100 folds=45 columns=111
2026-03-18 18:19:01,738 INFO __main__ - [etl:features] sample labeled row={'timestamp': '2024-03-18T13:30:00+00:00', 'symbol': 'AAPL', 'open': 175.57000732421875, 'high': 177.7100067138672, 'low': 173.52000427246094, 'close': 173.72000122070312, 'volume': 75604200.0, 'benchmark_close': 512.8599853515625, 'ai_conviction': None, 'ai_floor_d1': None, 'ai_ceiling_d1': None, 'ai_floor_w1': None, 'ai_ceiling_w1': None, 'ai_floor_q1': None, 'ai_ceiling_q1': None, 'ai_floor_m3': None, 'ai_conviction_long': None, 'ai_recency_long': None, 'ai_consensus_score': None, 'ret_lag_1': None, 'ret_lag_2': None, 'ret_lag_5': None, 'ret_lag_10': None, 'rolling_vol_5': None, 'rolling_vol_20': None, 'rolling_vol_60': None, 'downside_vol_20': None, 'atr_14': 4.19000244140625, 'parkinson_vol_20': None, 'gap_open_to_prev_close': None, 'relative_volume_20': 1.0, 'dist_to_low_20': 0.0011525872713105123, 'dist_to_high_20': 0.022968025933265634, 'sma_slope_5_20': 0.0, 'beta_20': None, 'rel_strength_20': None, 'momentum_20': None, 'momentum_10': None, 'vol_regime': None, 'recent_drawdown_20': 0.0, 'intraday_range_5': 0.02411928627655861, 'range_width_5': 0.02411928627655861, 'range_width_20': 0.02411928627655861, 'range_width_60': 0.02411928627655861, 'price_position_in_range_20': 0.04773194074203557, 'trend_context_m3': 0.0, 'slope_4w': None, 'slope_8w': None, 'slope_13w': None, 'drawdown_13w': 0.0, 'range_compression_20_60': 1.0, 'rel_strength_4w': None, 'rel_strength_8w': None, 'rel_strength_13w': None, 'month_of_year': 3, 'relative_week_of_month': 3, 'dist_to_low_3m': 0.0011525872713105123, 'dist_to_low_6m': 0.0011525872713105123, 'dist_to_low_12m': 0.0011525872713105123, 'vol_persistence_20_60': None, 'range_amp_daily_5': 0.02411928627655861, 'range_amp_daily_13': 0.02411928627655861, 'rsi_14': None, 'macd_12_26': 0.0, 'macd_signal_9': 0.0, 'macd_histogram': 0.0, 'bollinger_width_20': None, 'vwap_distance': -0.007219751322583345, 'ai_action': None, 'ai_recency': None, 'ai_horizon_alignment': 0.0, 'floor_d1': 173.02999877929688, 'ceiling_d1': 176.61000061035156, 'realized_floor_d1': 173.02999877929688, 'realized_ceiling_d1': 176.61000061035156, 'forward_return_d1': 0.013585082856137465, 'realized_range_d1': 3.5800018310546875, 'floor_breach_flag_d1': None, 'ceiling_reach_flag_d1': None, 'floor_w1': 169.4499969482422, 'ceiling_w1': 178.6699981689453, 'realized_floor_w1': 169.4499969482422, 'realized_ceiling_w1': 178.6699981689453, 'forward_return_w1': -0.016520809906864442, 'realized_range_w1': 9.220001220703125, 'floor_breach_flag_w1': None, 'ceiling_reach_flag_w1': None, 'floor_q1': 168.22999572753906, 'ceiling_q1': 178.6699981689453, 'realized_floor_q1': 168.22999572753906, 'realized_ceiling_q1': 178.6699981689453, 'forward_return_q1': -0.02809120912112295, 'realized_range_q1': 10.44000244140625, 'floor_breach_flag_q1': None, 'ceiling_reach_flag_q1': None, 'floor_m3': 164.0800018310547, 'realized_floor_m3': 164.0800018310547, 'floor_week_m3': 5, 'forward_return_m3': 0.20699971910196258, 'realized_range_m3': 56.1199951171875, 'floor_week_m3_start_date': '2024-04-17', 'floor_week_m3_end_date': '2024-04-23', 'floor_breach_flag_m3': None, 'floor_time_bucket_d1': 'OPEN', 'ceiling_time_bucket_d1': 'OPEN', 'floor_day_w1': 5, 'ceiling_day_w1': 2, 'floor_day_q1': 10, 'ceiling_day_q1': 2, 'split': 'train'}
2026-03-18 18:19:04,939 INFO __main__ - [etl:features] wrote modelable dataset path=data/training/modelable_dataset.json
ABT OK rows=25100 columns=111 models=12
2026-03-18 18:19:07,507 INFO __main__ - [horizon-training] horizon=d1 champion=evt_cp_d1 train_rows=17550 test_rows=7550 mae_floor=3.284860 mae_ceiling=3.160552
2026-03-18 18:19:07,590 INFO __main__ - [horizon-training] horizon=w1 champion=evt_cp_w1 train_rows=17550 test_rows=7550 mae_floor=6.505419 mae_ceiling=6.456917
2026-03-18 18:19:07,673 INFO __main__ - [horizon-training] horizon=q1 champion=evt_cp_q1 train_rows=17550 test_rows=7550 mae_floor=8.681563 mae_ceiling=9.275028
2026-03-18 18:19:07,674 INFO __main__ - [horizon-training] wrote csv summary=data/training/models/horizon_training_results_20260318T181808Z.csv
persisted_model_competition_rows=12
2026-03-18 18:19:07,877 INFO __main__ - [training] loading dataset path=data/training/modelable_dataset.json
2026-03-18 18:19:09,000 INFO __main__ - [training] loaded rows=25100
2026-03-18 18:19:09,001 INFO __main__ - [training] sample row={'timestamp': '2024-03-18T13:30:00+00:00', 'symbol': 'AAPL', 'open': 175.57000732421875, 'high': 177.7100067138672, 'low': 173.52000427246094, 'close': 173.72000122070312, 'volume': 75604200.0, 'benchmark_close': 512.8599853515625, 'ai_conviction': None, 'ai_floor_d1': None, 'ai_ceiling_d1': None, 'ai_floor_w1': None, 'ai_ceiling_w1': None, 'ai_floor_q1': None, 'ai_ceiling_q1': None, 'ai_floor_m3': None, 'ai_conviction_long': None, 'ai_recency_long': None, 'ai_consensus_score': None, 'ret_lag_1': None, 'ret_lag_2': None, 'ret_lag_5': None, 'ret_lag_10': None, 'rolling_vol_5': None, 'rolling_vol_20': None, 'rolling_vol_60': None, 'downside_vol_20': None, 'atr_14': 4.19000244140625, 'parkinson_vol_20': None, 'gap_open_to_prev_close': None, 'relative_volume_20': 1.0, 'dist_to_low_20': 0.0011525872713105123, 'dist_to_high_20': 0.022968025933265634, 'sma_slope_5_20': 0.0, 'beta_20': None, 'rel_strength_20': None, 'momentum_20': None, 'momentum_10': None, 'vol_regime': None, 'recent_drawdown_20': 0.0, 'intraday_range_5': 0.02411928627655861, 'range_width_5': 0.02411928627655861, 'range_width_20': 0.02411928627655861, 'range_width_60': 0.02411928627655861, 'price_position_in_range_20': 0.04773194074203557, 'trend_context_m3': 0.0, 'slope_4w': None, 'slope_8w': None, 'slope_13w': None, 'drawdown_13w': 0.0, 'range_compression_20_60': 1.0, 'rel_strength_4w': None, 'rel_strength_8w': None, 'rel_strength_13w': None, 'month_of_year': 3, 'relative_week_of_month': 3, 'dist_to_low_3m': 0.0011525872713105123, 'dist_to_low_6m': 0.0011525872713105123, 'dist_to_low_12m': 0.0011525872713105123, 'vol_persistence_20_60': None, 'range_amp_daily_5': 0.02411928627655861, 'range_amp_daily_13': 0.02411928627655861, 'rsi_14': None, 'macd_12_26': 0.0, 'macd_signal_9': 0.0, 'macd_histogram': 0.0, 'bollinger_width_20': None, 'vwap_distance': -0.007219751322583345, 'ai_action': None, 'ai_recency': None, 'ai_horizon_alignment': 0.0, 'floor_d1': 173.02999877929688, 'ceiling_d1': 176.61000061035156, 'realized_floor_d1': 173.02999877929688, 'realized_ceiling_d1': 176.61000061035156, 'forward_return_d1': 0.013585082856137465, 'realized_range_d1': 3.5800018310546875, 'floor_breach_flag_d1': None, 'ceiling_reach_flag_d1': None, 'floor_w1': 169.4499969482422, 'ceiling_w1': 178.6699981689453, 'realized_floor_w1': 169.4499969482422, 'realized_ceiling_w1': 178.6699981689453, 'forward_return_w1': -0.016520809906864442, 'realized_range_w1': 9.220001220703125, 'floor_breach_flag_w1': None, 'ceiling_reach_flag_w1': None, 'floor_q1': 168.22999572753906, 'ceiling_q1': 178.6699981689453, 'realized_floor_q1': 168.22999572753906, 'realized_ceiling_q1': 178.6699981689453, 'forward_return_q1': -0.02809120912112295, 'realized_range_q1': 10.44000244140625, 'floor_breach_flag_q1': None, 'ceiling_reach_flag_q1': None, 'floor_m3': 164.0800018310547, 'realized_floor_m3': 164.0800018310547, 'floor_week_m3': 5, 'forward_return_m3': 0.20699971910196258, 'realized_range_m3': 56.1199951171875, 'floor_week_m3_start_date': '2024-04-17', 'floor_week_m3_end_date': '2024-04-23', 'floor_breach_flag_m3': None, 'floor_time_bucket_d1': 'OPEN', 'ceiling_time_bucket_d1': 'OPEN', 'floor_day_w1': 5, 'ceiling_day_w1': 2, 'floor_day_q1': 10, 'ceiling_day_q1': 2, 'split': 'train'}
2026-03-18 18:19:11,845 INFO __main__ - [training] split train=17550 valid=7550
2026-03-18 18:19:11,845 INFO __main__ - [training] training value model version=20260318T181808Z
2026-03-18 18:19:11,888 WARNING models.select_champion - [training] champion json unreadable path=data/training/models/value_champion.json error=Expecting value: line 1 column 1 (char 0)
2026-03-18 18:19:11,888 INFO models.select_champion - [champion-selection] task=value old_score=none new_score=229.053807 criterion=lower_is_better
2026-03-18 18:19:11,914 INFO __main__ - [training] champion selection task=value decision=promote_first champion=data/training/models/value_champion.json challenger=data/training/models/value_challenger_20260318T181911.887952Z.json
2026-03-18 18:19:11,914 INFO __main__ - [training] skip winning model file update task=value training_mode=manual decision=promote_first
2026-03-18 18:19:11,914 INFO __main__ - [training] syncing champion into models_file task=value
2026-03-18 18:19:11,917 INFO __main__ - [training] persisting models_file artifact task=value pkl=data/training/models_file/value_champion.pkl manifest=data/training/models_file/value_champion.manifest.json
2026-03-18 18:19:11,918 INFO __main__ - [training] persisted winning model file task=value path=data/training/models_file/value_champion.pkl format=pkl manifest=data/training/models_file/value_champion.manifest.json sha256=a875038c272471cfbbee53896606eb3800a9478457dc0ec02e94f6904ba31410 pkl_bytes=146907 manifest_bytes=406
2026-03-18 18:19:11,918 INFO __main__ - [training] training timing model version=20260318T181808Z
2026-03-18 18:19:12,359 WARNING models.select_champion - [training] champion json unreadable path=data/training/models/timing_champion.json error=Expecting value: line 1 column 1 (char 0)
2026-03-18 18:19:12,359 INFO models.select_champion - [champion-selection] task=timing old_score=none new_score=4.425305 criterion=lower_is_better
2026-03-18 18:19:12,756 INFO __main__ - [training] champion selection task=timing decision=promote_first champion=data/training/models/timing_champion.json challenger=data/training/models/timing_challenger_20260318T181912.359010Z.json
2026-03-18 18:19:12,756 INFO __main__ - [training] skip winning model file update task=timing training_mode=manual decision=promote_first
2026-03-18 18:19:12,756 INFO __main__ - [training] syncing champion into models_file task=timing
2026-03-18 18:19:12,809 INFO __main__ - [training] persisting models_file artifact task=timing pkl=data/training/models_file/timing_champion.pkl manifest=data/training/models_file/timing_champion.manifest.json
2026-03-18 18:19:12,818 INFO __main__ - [training] persisted winning model file task=timing path=data/training/models_file/timing_champion.pkl format=pkl manifest=data/training/models_file/timing_champion.manifest.json sha256=9d79d3b976cbb8192d0c3d1979feaa51e86200870accd3fdbd4b2a0aaaa69700 pkl_bytes=1528334 manifest_bytes=413
2026-03-18 18:19:12,924 INFO __main__ - [training] metrics saved path=data/training/metrics/training_metrics_20260318T181808Z.json bytes=2172620
2026-03-18 18:19:12,967 INFO __main__ - [training] run complete result={'metrics_path': 'data/training/metrics/training_metrics_20260318T181808Z.json', 'tasks': ['value', 'timing'], 'training_mode': 'manual', 'models_file_dir': 'data/training/models_file', 'value': {'decision': 'promote_first', 'reason': 'No champion exists; bootstrap champion with first valid artifact.', 'champion_path': 'data/training/models/value_champion.json', 'challenger_path': 'data/training/models/value_challenger_20260318T181911.887952Z.json', 'previous_champion_path': None, 'previous_champion_version': None, 'archived_champion_path': None}, 'timing': {'decision': 'promote_first', 'reason': 'No champion exists; bootstrap champion with first valid artifact.', 'champion_path': 'data/training/models/timing_champion.json', 'challenger_path': 'data/training/models/timing_challenger_20260318T181912.359010Z.json', 'previous_champion_path': None, 'previous_champion_version': None, 'archived_champion_path': None}}
{
  "metrics_path": "data/training/metrics/training_metrics_20260318T181808Z.json",
  "tasks": [
    "value",
    "timing"
  ],
  "training_mode": "manual",
  "models_file_dir": "data/training/models_file",
  "value": {
    "decision": "promote_first",
    "reason": "No champion exists; bootstrap champion with first valid artifact.",
    "champion_path": "data/training/models/value_champion.json",
    "challenger_path": "data/training/models/value_challenger_20260318T181911.887952Z.json",
    "previous_champion_path": null,
    "previous_champion_version": null,
    "archived_champion_path": null
  },
  "timing": {
    "decision": "promote_first",
    "reason": "No champion exists; bootstrap champion with first valid artifact.",
    "champion_path": "data/training/models/timing_champion.json",
    "challenger_path": "data/training/models/timing_challenger_20260318T181912.359010Z.json",
    "previous_champion_path": null,
    "previous_champion_version": null,
    "archived_champion_path": null
  }
}
Unified CSV written: data/training/models/horizon_training_results_20260318T181808Z.csv
[train_all_models] Verificando presencia de artefactos esperados...
[train_all_models] OK existe -> data/training/models/d1_champion.json
[train_all_models] OK existe -> data/training/models/w1_champion.json
[train_all_models] OK existe -> data/training/models/q1_champion.json
[train_all_models] OK existe -> data/training/models/d1_competition.json
[train_all_models] OK existe -> data/training/models/w1_competition.json
[train_all_models] OK existe -> data/training/models/q1_competition.json
[train_all_models] OK existe -> data/training/models/value_champion.json
[train_all_models] OK existe -> data/training/models/timing_champion.json
[train_all_models] OK existe -> data/training/models_file/d1_champion.pkl
[train_all_models] OK existe -> data/training/models_file/w1_champion.pkl
[train_all_models] OK existe -> data/training/models_file/q1_champion.pkl
[train_all_models] OK existe -> data/training/models_file/value_champion.pkl
[train_all_models] OK existe -> data/training/models_file/timing_champion.pkl
[train_all_models] OK existe -> data/training/models_file/d1_champion.manifest.json
[train_all_models] OK existe -> data/training/models_file/w1_champion.manifest.json
[train_all_models] OK existe -> data/training/models_file/q1_champion.manifest.json
[train_all_models] OK existe -> data/training/models_file/value_champion.manifest.json
[train_all_models] OK existe -> data/training/models_file/timing_champion.manifest.json
[train_all_models] OK existe -> data/training/models/horizon_training_results_20260318T181808Z.csv
[train_all_models] OK existe -> data/training/manual_train_all_models_20260318T181808Z.log
[train_all_models] Verificando contenido JSON/pkl/manifest por task...
[train_all_models] OK task=d1 champion_version=20260318T181808Z manifest_version=missing pkl_bytes=308
[train_all_models] OK task=w1 champion_version=20260318T181808Z manifest_version=missing pkl_bytes=308
[train_all_models] OK task=q1 champion_version=20260318T181808Z manifest_version=missing pkl_bytes=308
[train_all_models] OK task=value champion_version=20260318T181808Z manifest_version=missing pkl_bytes=146907
[train_all_models] OK task=timing champion_version=20260318T181808Z manifest_version=missing pkl_bytes=1528334
integrity_check=ok
tables_present=8 required_missing=[]
rows[model_competition_results]=12
rows[model_training_cycles]=5
rows[orders]=0
rows[prediction_reconciliations]=0
rows[predictions]=0
rows[signals]=0
rows[training_reviews]=0
prediction_duplicate_keys=0
journal_mode=wal auto_vacuum=0
